Flow report for SD
Fri Oct 07 10:43:16 2016
Quartus II Version 9.1 Build 350 03/24/2010 Service Pack 2 SJ Web Edition


---------------------
; Table of Contents ;
---------------------
  1. Legal Notice
  2. Flow Summary
  3. Flow Settings
  4. Flow Non-Default Global Settings
  5. Flow Elapsed Time
  6. Flow OS Summary
  7. Flow Log



----------------
; Legal Notice ;
----------------
Copyright (C) 1991-2010 Altera Corporation
Your use of Altera Corporation's design tools, logic functions 
and other software and tools, and its AMPP partner logic 
functions, and any output files from any of the foregoing 
(including device programming or simulation files), and any 
associated documentation or information are expressly subject 
to the terms and conditions of the Altera Program License 
Subscription Agreement, Altera MegaCore Function License 
Agreement, or other applicable license agreement, including, 
without limitation, that your use is for the sole purpose of 
programming logic devices manufactured by Altera and sold by 
Altera or its authorized distributors.  Please refer to the 
applicable agreement for further details.



+-----------------------------------------------------------------------------------+
; Flow Summary                                                                      ;
+------------------------------------+----------------------------------------------+
; Flow Status                        ; Successful - Fri Oct 07 10:43:16 2016        ;
; Quartus II Version                 ; 9.1 Build 350 03/24/2010 SP 2 SJ Web Edition ;
; Revision Name                      ; SD                                           ;
; Top-level Entity Name              ; menorQue                                     ;
; Family                             ; Cyclone II                                   ;
; Met timing requirements            ; Yes                                          ;
; Total logic elements               ; 1 / 68,416 ( < 1 % )                         ;
;     Total combinational functions  ; 1 / 68,416 ( < 1 % )                         ;
;     Dedicated logic registers      ; 0 / 68,416 ( 0 % )                           ;
; Total registers                    ; 0                                            ;
; Total pins                         ; 4 / 422 ( < 1 % )                            ;
; Total virtual pins                 ; 0                                            ;
; Total memory bits                  ; 0 / 1,152,000 ( 0 % )                        ;
; Embedded Multiplier 9-bit elements ; 0 / 300 ( 0 % )                              ;
; Total PLLs                         ; 0 / 4 ( 0 % )                                ;
; Device                             ; EP2C70F672C6                                 ;
; Timing Models                      ; Final                                        ;
+------------------------------------+----------------------------------------------+


+-----------------------------------------+
; Flow Settings                           ;
+-------------------+---------------------+
; Option            ; Setting             ;
+-------------------+---------------------+
; Start date & time ; 10/07/2016 10:42:55 ;
; Main task         ; Compilation         ;
; Revision Name     ; SD                  ;
+-------------------+---------------------+


+--------------------------------------------------------------------------------------------------------------------+
; Flow Non-Default Global Settings                                                                                   ;
+------------------------------------+--------------------------------+---------------+-------------+----------------+
; Assignment Name                    ; Value                          ; Default Value ; Entity Name ; Section Id     ;
+------------------------------------+--------------------------------+---------------+-------------+----------------+
; COMPILER_SIGNATURE_ID              ; 17727280383870.147584777401740 ; --            ; --          ; --             ;
; PARTITION_COLOR                    ; 16764057                       ; --            ; menorQue    ; Top            ;
; PARTITION_NETLIST_TYPE             ; SOURCE                         ; --            ; menorQue    ; Top            ;
; TOP_LEVEL_ENTITY                   ; menorQue                       ; SD            ; --          ; --             ;
; USE_GENERATED_PHYSICAL_CONSTRAINTS ; Off                            ; --            ; --          ; eda_blast_fpga ;
+------------------------------------+--------------------------------+---------------+-------------+----------------+


+-----------------------------------------------------------------------------------------------------------------------------+
; Flow Elapsed Time                                                                                                           ;
+-------------------------+--------------+-------------------------+---------------------+------------------------------------+
; Module Name             ; Elapsed Time ; Average Processors Used ; Peak Virtual Memory ; Total CPU Time (on all processors) ;
+-------------------------+--------------+-------------------------+---------------------+------------------------------------+
; Analysis & Synthesis    ; 00:00:02     ; 1.0                     ; 209 MB              ; 00:00:01                           ;
; Fitter                  ; 00:00:11     ; 2.4                     ; 366 MB              ; 00:00:12                           ;
; Assembler               ; 00:00:06     ; 1.0                     ; 336 MB              ; 00:00:04                           ;
; Classic Timing Analyzer ; 00:00:01     ; 1.0                     ; 167 MB              ; 00:00:00                           ;
; Total                   ; 00:00:20     ; --                      ; --                  ; 00:00:17                           ;
+-------------------------+--------------+-------------------------+---------------------+------------------------------------+


+------------------------------------------------------------------------------------------+
; Flow OS Summary                                                                          ;
+-------------------------+------------------+---------------+------------+----------------+
; Module Name             ; Machine Hostname ; OS Name       ; OS Version ; Processor type ;
+-------------------------+------------------+---------------+------------+----------------+
; Analysis & Synthesis    ; G3C14            ; Windows Vista ; 6.1        ; x86_64         ;
; Fitter                  ; G3C14            ; Windows Vista ; 6.1        ; x86_64         ;
; Assembler               ; G3C14            ; Windows Vista ; 6.1        ; x86_64         ;
; Classic Timing Analyzer ; G3C14            ; Windows Vista ; 6.1        ; x86_64         ;
+-------------------------+------------------+---------------+------------+----------------+


------------
; Flow Log ;
------------
quartus_map --read_settings_files=on --write_settings_files=off SD -c SD
quartus_fit --read_settings_files=off --write_settings_files=off SD -c SD
quartus_asm --read_settings_files=off --write_settings_files=off SD -c SD
quartus_tan --read_settings_files=off --write_settings_files=off SD -c SD --timing_analysis_only



