Simulator report for SD
<<<<<<< HEAD
Fri Oct 07 11:54:27 2016
=======
Fri Oct 07 11:49:34 2016
>>>>>>> caa05f8ff70817d4f03728bdc785732d831880e8
Quartus II Version 9.1 Build 350 03/24/2010 Service Pack 2 SJ Web Edition


---------------------
; Table of Contents ;
---------------------
  1. Legal Notice
  2. Simulator Summary
  3. Simulator Settings
  4. Simulation Waveforms
  5. Coverage Summary
  6. Complete 1/0-Value Coverage
  7. Missing 1-Value Coverage
  8. Missing 0-Value Coverage
  9. Simulator INI Usage
 10. Simulator Messages



----------------
; Legal Notice ;
----------------
Copyright (C) 1991-2010 Altera Corporation
Your use of Altera Corporation's design tools, logic functions 
and other software and tools, and its AMPP partner logic 
functions, and any output files from any of the foregoing 
(including device programming or simulation files), and any 
associated documentation or information are expressly subject 
to the terms and conditions of the Altera Program License 
Subscription Agreement, Altera MegaCore Function License 
Agreement, or other applicable license agreement, including, 
without limitation, that your use is for the sole purpose of 
programming logic devices manufactured by Altera and sold by 
Altera or its authorized distributors.  Please refer to the 
applicable agreement for further details.



+--------------------------------------------+
; Simulator Summary                          ;
+-----------------------------+--------------+
; Type                        ; Value        ;
+-----------------------------+--------------+
; Simulation Start Time       ; 0 ps         ;
; Simulation End Time         ; 1.0 us       ;
<<<<<<< HEAD
; Simulation Netlist Size     ; 8 nodes      ;
; Simulation Coverage         ;     100.00 % ;
; Total Number of Transitions ; 4494         ;
=======
; Simulation Netlist Size     ; 22 nodes     ;
; Simulation Coverage         ;     100.00 % ;
; Total Number of Transitions ; 5714         ;
>>>>>>> caa05f8ff70817d4f03728bdc785732d831880e8
; Simulation Breakpoints      ; 0            ;
; Family                      ; Cyclone II   ;
+-----------------------------+--------------+


<<<<<<< HEAD
+-------------------------------------------------------------------------------------------------------------------------------+
; Simulator Settings                                                                                                            ;
+--------------------------------------------------------------------------------------------+------------------+---------------+
; Option                                                                                     ; Setting          ; Default Value ;
+--------------------------------------------------------------------------------------------+------------------+---------------+
; Simulation mode                                                                            ; Functional       ; Timing        ;
; Start time                                                                                 ; 0 ns             ; 0 ns          ;
; Simulation results format                                                                  ; CVWF             ;               ;
; Vector input source                                                                        ; maiorque1bit.vwf ;               ;
; Add pins automatically to simulation output waveforms                                      ; On               ; On            ;
; Check outputs                                                                              ; Off              ; Off           ;
; Report simulation coverage                                                                 ; On               ; On            ;
; Display complete 1/0 value coverage report                                                 ; On               ; On            ;
; Display missing 1-value coverage report                                                    ; On               ; On            ;
; Display missing 0-value coverage report                                                    ; On               ; On            ;
; Detect setup and hold time violations                                                      ; Off              ; Off           ;
; Detect glitches                                                                            ; Off              ; Off           ;
; Disable timing delays in Timing Simulation                                                 ; Off              ; Off           ;
; Generate Signal Activity File                                                              ; Off              ; Off           ;
; Generate VCD File for PowerPlay Power Analyzer                                             ; Off              ; Off           ;
; Group bus channels in simulation results                                                   ; Off              ; Off           ;
; Preserve fewer signal transitions to reduce memory requirements                            ; On               ; On            ;
; Trigger vector comparison with the specified mode                                          ; INPUT_EDGE       ; INPUT_EDGE    ;
; Disable setup and hold time violations detection in input registers of bi-directional pins ; Off              ; Off           ;
; Overwrite Waveform Inputs With Simulation Outputs                                          ; On               ;               ;
; Perform Glitch Filtering in Timing Simulation                                              ; Auto             ; Auto          ;
+--------------------------------------------------------------------------------------------+------------------+---------------+
=======
+--------------------------------------------------------------------------------------------------------------------------------+
; Simulator Settings                                                                                                             ;
+--------------------------------------------------------------------------------------------+-------------------+---------------+
; Option                                                                                     ; Setting           ; Default Value ;
+--------------------------------------------------------------------------------------------+-------------------+---------------+
; Simulation mode                                                                            ; Functional        ; Timing        ;
; Start time                                                                                 ; 0 ns              ; 0 ns          ;
; Simulation results format                                                                  ; CVWF              ;               ;
; Vector input source                                                                        ; menorQue4bits.vwf ;               ;
; Add pins automatically to simulation output waveforms                                      ; On                ; On            ;
; Check outputs                                                                              ; Off               ; Off           ;
; Report simulation coverage                                                                 ; On                ; On            ;
; Display complete 1/0 value coverage report                                                 ; On                ; On            ;
; Display missing 1-value coverage report                                                    ; On                ; On            ;
; Display missing 0-value coverage report                                                    ; On                ; On            ;
; Detect setup and hold time violations                                                      ; Off               ; Off           ;
; Detect glitches                                                                            ; Off               ; Off           ;
; Disable timing delays in Timing Simulation                                                 ; Off               ; Off           ;
; Generate Signal Activity File                                                              ; Off               ; Off           ;
; Generate VCD File for PowerPlay Power Analyzer                                             ; Off               ; Off           ;
; Group bus channels in simulation results                                                   ; Off               ; Off           ;
; Preserve fewer signal transitions to reduce memory requirements                            ; On                ; On            ;
; Trigger vector comparison with the specified mode                                          ; INPUT_EDGE        ; INPUT_EDGE    ;
; Disable setup and hold time violations detection in input registers of bi-directional pins ; Off               ; Off           ;
; Overwrite Waveform Inputs With Simulation Outputs                                          ; On                ;               ;
; Perform Glitch Filtering in Timing Simulation                                              ; Auto              ; Auto          ;
+--------------------------------------------------------------------------------------------+-------------------+---------------+
>>>>>>> caa05f8ff70817d4f03728bdc785732d831880e8


+----------------------+
; Simulation Waveforms ;
+----------------------+
Waveform report data cannot be output to ASCII.
Please use Quartus II to view the waveform report data.


+--------------------------------------------------------------------+
; Coverage Summary                                                   ;
+-----------------------------------------------------+--------------+
; Type                                                ; Value        ;
+-----------------------------------------------------+--------------+
; Total coverage as a percentage                      ;     100.00 % ;
<<<<<<< HEAD
; Total nodes checked                                 ; 8            ;
; Total output ports checked                          ; 8            ;
; Total output ports with complete 1/0-value coverage ; 8            ;
=======
; Total nodes checked                                 ; 22           ;
; Total output ports checked                          ; 22           ;
; Total output ports with complete 1/0-value coverage ; 22           ;
>>>>>>> caa05f8ff70817d4f03728bdc785732d831880e8
; Total output ports with no 1/0-value coverage       ; 0            ;
; Total output ports with no 1-value coverage         ; 0            ;
; Total output ports with no 0-value coverage         ; 0            ;
+-----------------------------------------------------+--------------+


The following table displays output ports that toggle between 1 and 0 during simulation.
<<<<<<< HEAD
+--------------------------------------------------------------+
; Complete 1/0-Value Coverage                                  ;
+---------------------+---------------------+------------------+
; Node Name           ; Output Port Name    ; Output Port Type ;
+---------------------+---------------------+------------------+
; |maiorque1bit|Out   ; |maiorque1bit|Out   ; pin_out          ;
; |maiorque1bit|inst5 ; |maiorque1bit|inst5 ; out0             ;
; |maiorque1bit|inst3 ; |maiorque1bit|inst3 ; out0             ;
; |maiorque1bit|A     ; |maiorque1bit|A     ; out              ;
; |maiorque1bit|Cin   ; |maiorque1bit|Cin   ; out              ;
; |maiorque1bit|inst4 ; |maiorque1bit|inst4 ; out0             ;
; |maiorque1bit|B     ; |maiorque1bit|B     ; out              ;
; |maiorque1bit|inst2 ; |maiorque1bit|inst2 ; out0             ;
+---------------------+---------------------+------------------+
=======
+------------------------------------------------------------------------------------------------------+
; Complete 1/0-Value Coverage                                                                          ;
+-----------------------------------------+-----------------------------------------+------------------+
; Node Name                               ; Output Port Name                        ; Output Port Type ;
+-----------------------------------------+-----------------------------------------+------------------+
; |menorQue4bits|Out                      ; |menorQue4bits|Out                      ; pin_out          ;
; |menorQue4bits|A[3]                     ; |menorQue4bits|A[3]                     ; out              ;
; |menorQue4bits|A[2]                     ; |menorQue4bits|A[2]                     ; out              ;
; |menorQue4bits|A[1]                     ; |menorQue4bits|A[1]                     ; out              ;
; |menorQue4bits|A[0]                     ; |menorQue4bits|A[0]                     ; out              ;
; |menorQue4bits|B[3]                     ; |menorQue4bits|B[3]                     ; out              ;
; |menorQue4bits|B[2]                     ; |menorQue4bits|B[2]                     ; out              ;
; |menorQue4bits|B[1]                     ; |menorQue4bits|B[1]                     ; out              ;
; |menorQue4bits|B[0]                     ; |menorQue4bits|B[0]                     ; out              ;
; |menorQue4bits|menorQue1bit:inst6|inst  ; |menorQue4bits|menorQue1bit:inst6|inst  ; out0             ;
; |menorQue4bits|menorQue1bit:inst5|inst5 ; |menorQue4bits|menorQue1bit:inst5|inst5 ; out0             ;
; |menorQue4bits|menorQue1bit:inst5|inst3 ; |menorQue4bits|menorQue1bit:inst5|inst3 ; out0             ;
; |menorQue4bits|menorQue1bit:inst5|inst4 ; |menorQue4bits|menorQue1bit:inst5|inst4 ; out0             ;
; |menorQue4bits|menorQue1bit:inst5|inst  ; |menorQue4bits|menorQue1bit:inst5|inst  ; out0             ;
; |menorQue4bits|menorQue1bit:inst4|inst5 ; |menorQue4bits|menorQue1bit:inst4|inst5 ; out0             ;
; |menorQue4bits|menorQue1bit:inst4|inst3 ; |menorQue4bits|menorQue1bit:inst4|inst3 ; out0             ;
; |menorQue4bits|menorQue1bit:inst4|inst4 ; |menorQue4bits|menorQue1bit:inst4|inst4 ; out0             ;
; |menorQue4bits|menorQue1bit:inst4|inst  ; |menorQue4bits|menorQue1bit:inst4|inst  ; out0             ;
; |menorQue4bits|menorQue1bit:inst3|inst5 ; |menorQue4bits|menorQue1bit:inst3|inst5 ; out0             ;
; |menorQue4bits|menorQue1bit:inst3|inst3 ; |menorQue4bits|menorQue1bit:inst3|inst3 ; out0             ;
; |menorQue4bits|menorQue1bit:inst3|inst4 ; |menorQue4bits|menorQue1bit:inst3|inst4 ; out0             ;
; |menorQue4bits|menorQue1bit:inst3|inst  ; |menorQue4bits|menorQue1bit:inst3|inst  ; out0             ;
+-----------------------------------------+-----------------------------------------+------------------+
>>>>>>> caa05f8ff70817d4f03728bdc785732d831880e8


The following table displays output ports that do not toggle to 1 during simulation.
+-------------------------------------------------+
; Missing 1-Value Coverage                        ;
+-----------+------------------+------------------+
; Node Name ; Output Port Name ; Output Port Type ;
+-----------+------------------+------------------+


The following table displays output ports that do not toggle to 0 during simulation.
+-------------------------------------------------+
; Missing 0-Value Coverage                        ;
+-----------+------------------+------------------+
; Node Name ; Output Port Name ; Output Port Type ;
+-----------+------------------+------------------+


+---------------------+
; Simulator INI Usage ;
+--------+------------+
; Option ; Usage      ;
+--------+------------+


+--------------------+
; Simulator Messages ;
+--------------------+
Info: *******************************************************************
Info: Running Quartus II Simulator
    Info: Version 9.1 Build 350 03/24/2010 Service Pack 2 SJ Web Edition
<<<<<<< HEAD
    Info: Processing started: Fri Oct 07 11:54:27 2016
Info: Command: quartus_sim --read_settings_files=on --write_settings_files=off SD -c SD
Info: Using vector source file "C:/Users/lams3/Desktop/ProjetoSD/Projeto/maiorque1bit.vwf"
Info: Overwriting simulation input file with simulation results
    Info: A backup of maiorque1bit.vwf called SD.sim_ori.vwf has been created in the db folder
=======
    Info: Processing started: Fri Oct 07 11:49:33 2016
Info: Command: quartus_sim --read_settings_files=on --write_settings_files=off SD -c SD
Info: Using vector source file "C:/Users/afa4/Desktop/ProjetoSD/Projeto/menorQue4bits.vwf"
Info: Overwriting simulation input file with simulation results
    Info: A backup of menorQue4bits.vwf called SD.sim_ori.vwf has been created in the db folder
>>>>>>> caa05f8ff70817d4f03728bdc785732d831880e8
Info: Option to preserve fewer signal transitions to reduce memory requirements is enabled
    Info: Simulation has been partitioned into sub-simulations according to the maximum transition count determined by the engine. Transitions from memory will be flushed out to disk at the end of each sub-simulation to reduce memory requirements.
Info: Simulation partitioned into 1 sub-simulations
Info: Simulation coverage is     100.00 %
<<<<<<< HEAD
Info: Number of transitions in simulation is 4494
Info: Vector file maiorque1bit.vwf is saved in VWF text format. You can compress it into CVWF format in order to reduce file size. For more details please refer to the Quartus II Help.
Info: Quartus II Simulator was successful. 0 errors, 0 warnings
    Info: Peak virtual memory: 152 megabytes
    Info: Processing ended: Fri Oct 07 11:54:28 2016
    Info: Elapsed time: 00:00:01
=======
Info: Number of transitions in simulation is 5714
Info: Vector file menorQue4bits.vwf is saved in VWF text format. You can compress it into CVWF format in order to reduce file size. For more details please refer to the Quartus II Help.
Info: Quartus II Simulator was successful. 0 errors, 0 warnings
    Info: Peak virtual memory: 153 megabytes
    Info: Processing ended: Fri Oct 07 11:49:35 2016
    Info: Elapsed time: 00:00:02
>>>>>>> caa05f8ff70817d4f03728bdc785732d831880e8
    Info: Total CPU time (on all processors): 00:00:00


